<?xml version="1.0" encoding="UTF-8"?>
<robot generator="Robot 3.2.2 (Python 3.8.5 on win32)" generated="20200923 20:32:59.628" rpa="false">
<suite id="s1" name="Test" source="C:\Users\Usuario\Desktop\dandy\papito\Teste-Qa\hello\test.robot">
<test id="s1-t1" name="Deve retornar mensagem de boas vindas">
<kw name="Welcome" library="app">
<arguments>
<arg>Daniel</arg>
</arguments>
<assign>
<var>${result}</var>
</assign>
<msg timestamp="20200923 20:32:59.688" level="INFO">${result} = Olá Daniel, bem vindo ao Curso básico de Robot Framework</msg>
<status status="PASS" starttime="20200923 20:32:59.687" endtime="20200923 20:32:59.688"></status>
</kw>
<kw name="Should Be Equal" library="BuiltIn">
<doc>Fails if the given objects are unequal.</doc>
<arguments>
<arg>${result}</arg>
<arg>Olá Daniel, bem vindo ao Curso básico de Robot Framework</arg>
</arguments>
<status status="PASS" starttime="20200923 20:32:59.688" endtime="20200923 20:32:59.689"></status>
</kw>
<status status="PASS" starttime="20200923 20:32:59.686" endtime="20200923 20:32:59.690" critical="yes"></status>
</test>
<status status="PASS" starttime="20200923 20:32:59.632" endtime="20200923 20:32:59.692"></status>
</suite>
<statistics>
<total>
<stat pass="1" fail="0">Critical Tests</stat>
<stat pass="1" fail="0">All Tests</stat>
</total>
<tag>
</tag>
<suite>
<stat pass="1" fail="0" id="s1" name="Test">Test</stat>
</suite>
</statistics>
<errors>
</errors>
</robot>
