<?xml version="1.0" encoding="UTF-8"?>
<robot generator="Robot 3.2.2 (Python 3.8.5 on win32)" generated="20200923 20:38:10.818" rpa="false">
<suite id="s1" name="Title" source="C:\Users\Usuario\Desktop\dandy\papito\Teste-Qa\web\tests\title.robot">
<test id="s1-t1" name="Should See Page Title">
<kw name="Nova Seção" library="base" type="setup">
<kw name="Open Browser">
<arguments>
<arg>${url}</arg>
<arg>firefox</arg>
</arguments>
<msg timestamp="20200923 20:38:10.886" level="FAIL">No keyword with name 'Open Browser' found.</msg>
<status status="FAIL" starttime="20200923 20:38:10.886" endtime="20200923 20:38:10.886"></status>
</kw>
<status status="FAIL" starttime="20200923 20:38:10.882" endtime="20200923 20:38:10.887"></status>
</kw>
<kw name="Encerrar Seção" library="base" type="teardown">
<kw name="Close Browser">
<msg timestamp="20200923 20:38:10.891" level="FAIL">No keyword with name 'Close Browser' found.</msg>
<status status="FAIL" starttime="20200923 20:38:10.891" endtime="20200923 20:38:10.891"></status>
</kw>
<status status="FAIL" starttime="20200923 20:38:10.888" endtime="20200923 20:38:10.891">No keyword with name 'Close Browser' found.</status>
</kw>
<status status="FAIL" starttime="20200923 20:38:10.881" endtime="20200923 20:38:10.892" critical="yes">Setup failed:
No keyword with name 'Open Browser' found.

Also teardown failed:
No keyword with name 'Close Browser' found.</status>
</test>
<status status="FAIL" starttime="20200923 20:38:10.822" endtime="20200923 20:38:10.895"></status>
</suite>
<statistics>
<total>
<stat pass="0" fail="1">Critical Tests</stat>
<stat pass="0" fail="1">All Tests</stat>
</total>
<tag>
</tag>
<suite>
<stat pass="0" fail="1" id="s1" name="Title">Title</stat>
</suite>
</statistics>
<errors>
<msg timestamp="20200923 20:38:10.875" level="ERROR">Error in file 'C:\Users\Usuario\Desktop\dandy\papito\Teste-Qa\web\tests\base.robot' on line 2: Importing test library 'SeleniumLibrary' failed: ModuleNotFoundError: No module named 'SeleniumLibrary'
Traceback (most recent call last):
  None
PYTHONPATH:
  C:\Users\Usuario\Desktop\dandy\papito\venv\Scripts\robot.exe
  c:\users\usuario\desktop\dandy\papito\venv\scripts\python38.zip
  c:\python38\DLLs
  c:\python38\lib
  c:\python38
  c:\users\usuario\desktop\dandy\papito\venv
  c:\users\usuario\desktop\dandy\papito\venv\lib\site-packages</msg>
</errors>
</robot>
