<?xml version="1.0" encoding="UTF-8"?>
<robot generator="Robot 3.2.2 (Python 3.6.9 on linux)" generated="20200924 03:20:47.512" rpa="false">
<suite id="s1" name="Tables" source="/home/dandybarbosa/qa_ninja/Teste-Qa/web/tests/tables.robot">
<test id="s1-t1" name="Verifica o valor ao informar o número da linha">
<kw name="Nova Seção" library="base" type="setup">
<kw name="Open Browser" library="SeleniumLibrary">
<doc>Opens a new browser instance to the optional ``url``.</doc>
<arguments>
<arg>${url}</arg>
<arg>chrome</arg>
</arguments>
<msg timestamp="20200924 03:20:48.460" level="INFO">Opening browser 'chrome' to base url 'http://training-wheels-protocol.herokuapp.com'.</msg>
<status status="PASS" starttime="20200924 03:20:48.460" endtime="20200924 03:20:58.127"></status>
</kw>
<status status="PASS" starttime="20200924 03:20:48.459" endtime="20200924 03:20:58.128"></status>
</kw>
<kw name="Go To" library="SeleniumLibrary">
<doc>Navigates the current browser window to the provided ``url``.</doc>
<arguments>
<arg>${url}/tables</arg>
</arguments>
<msg timestamp="20200924 03:20:58.130" level="INFO">Opening url 'http://training-wheels-protocol.herokuapp.com/tables'</msg>
<status status="PASS" starttime="20200924 03:20:58.129" endtime="20200924 03:20:58.565"></status>
</kw>
<kw name="Table Row Should Contain" library="SeleniumLibrary">
<doc>Verifies that table row contains text ``expected``.</doc>
<arguments>
<arg>id:actors</arg>
<arg>1</arg>
<arg>@robertdowneyjr</arg>
</arguments>
<status status="PASS" starttime="20200924 03:20:58.566" endtime="20200924 03:20:58.753"></status>
</kw>
<kw name="Encerrar Seção" library="base" type="teardown">
<kw name="Close Browser" library="SeleniumLibrary">
<doc>Closes the current browser.</doc>
<status status="PASS" starttime="20200924 03:20:58.754" endtime="20200924 03:20:58.818"></status>
</kw>
<status status="PASS" starttime="20200924 03:20:58.753" endtime="20200924 03:20:58.818"></status>
</kw>
<status status="PASS" starttime="20200924 03:20:48.457" endtime="20200924 03:20:58.819" critical="yes"></status>
</test>
<status status="PASS" starttime="20200924 03:20:47.515" endtime="20200924 03:20:58.820"></status>
</suite>
<statistics>
<total>
<stat pass="1" fail="0">Critical Tests</stat>
<stat pass="1" fail="0">All Tests</stat>
</total>
<tag>
</tag>
<suite>
<stat pass="1" fail="0" id="s1" name="Tables">Tables</stat>
</suite>
</statistics>
<errors>
</errors>
</robot>
