<?xml version="1.0" encoding="UTF-8"?>
<robot generator="Robot 3.2.2 (Python 3.8.5 on win32)" generated="20200923 23:34:16.737" rpa="false">
<suite id="s1" name="Tables" source="C:\Users\Usuario\Desktop\dandy\papito\Teste-Qa\web\tests\tables.robot">
<test id="s1-t1" name="Verifica o valor ao informar o número da linha">
<kw name="Nova Seção" library="base" type="setup">
<kw name="Open Browser" library="SeleniumLibrary">
<doc>Opens a new browser instance to the optional ``url``.</doc>
<arguments>
<arg>${url}</arg>
<arg>chrome</arg>
</arguments>
<msg timestamp="20200923 23:34:17.198" level="INFO">Opening browser 'chrome' to base url 'http://training-wheels-protocol.herokuapp.com'.</msg>
<status status="PASS" starttime="20200923 23:34:17.197" endtime="20200923 23:34:23.535"></status>
</kw>
<status status="PASS" starttime="20200923 23:34:17.196" endtime="20200923 23:34:23.536"></status>
</kw>
<kw name="Go To" library="SeleniumLibrary">
<doc>Navigates the current browser window to the provided ``url``.</doc>
<arguments>
<arg>${url}/tables</arg>
</arguments>
<msg timestamp="20200923 23:34:23.537" level="INFO">Opening url 'http://training-wheels-protocol.herokuapp.com/tables'</msg>
<status status="PASS" starttime="20200923 23:34:23.536" endtime="20200923 23:34:24.122"></status>
</kw>
<kw name="Table Row Should Contain" library="SeleniumLibrary">
<doc>Verifies that table row contains text ``expected``.</doc>
<arguments>
<arg>id:actors</arg>
<arg>1</arg>
<arg>$ 10.000.000</arg>
</arguments>
<status status="PASS" starttime="20200923 23:34:24.123" endtime="20200923 23:34:24.294"></status>
</kw>
<kw name="Encerrar Seção" library="base" type="teardown">
<kw name="Close Browser" library="SeleniumLibrary">
<doc>Closes the current browser.</doc>
<status status="PASS" starttime="20200923 23:34:24.295" endtime="20200923 23:34:26.578"></status>
</kw>
<status status="PASS" starttime="20200923 23:34:24.295" endtime="20200923 23:34:26.579"></status>
</kw>
<status status="PASS" starttime="20200923 23:34:17.195" endtime="20200923 23:34:26.579" critical="yes"></status>
</test>
<status status="PASS" starttime="20200923 23:34:16.740" endtime="20200923 23:34:26.581"></status>
</suite>
<statistics>
<total>
<stat pass="1" fail="0">Critical Tests</stat>
<stat pass="1" fail="0">All Tests</stat>
</total>
<tag>
</tag>
<suite>
<stat pass="1" fail="0" id="s1" name="Tables">Tables</stat>
</suite>
</statistics>
<errors>
</errors>
</robot>
