<?xml version="1.0" encoding="UTF-8"?>
<robot generator="Robot 3.2.2 (Python 3.8.5 on win32)" generated="20200923 22:58:01.113" rpa="false">
<suite id="s1" name="Select" source="C:\Users\Usuario\Desktop\dandy\papito\Teste-Qa\web\tests\select.robot">
<test id="s1-t1" name="Selecionar por texto e validar pelo valor">
<kw name="Nova Seção" library="base" type="setup">
<kw name="Open Browser" library="SeleniumLibrary">
<doc>Opens a new browser instance to the optional ``url``.</doc>
<arguments>
<arg>${url}</arg>
<arg>chrome</arg>
</arguments>
<msg timestamp="20200923 22:58:01.566" level="INFO">Opening browser 'chrome' to base url 'http://training-wheels-protocol.herokuapp.com'.</msg>
<status status="PASS" starttime="20200923 22:58:01.565" endtime="20200923 22:58:08.908"></status>
</kw>
<status status="PASS" starttime="20200923 22:58:01.565" endtime="20200923 22:58:08.910"></status>
</kw>
<kw name="Go To" library="SeleniumLibrary">
<doc>Navigates the current browser window to the provided ``url``.</doc>
<arguments>
<arg>${url}/dropdown</arg>
</arguments>
<msg timestamp="20200923 22:58:08.910" level="INFO">Opening url 'http://training-wheels-protocol.herokuapp.com/dropdown'</msg>
<status status="PASS" starttime="20200923 22:58:08.910" endtime="20200923 22:58:09.322"></status>
</kw>
<kw name="Select From List By Label" library="SeleniumLibrary">
<doc>Selects options from selection list ``locator`` by ``labels``.</doc>
<arguments>
<arg>class:avenger-list</arg>
<arg>Scott Lang</arg>
</arguments>
<msg timestamp="20200923 22:58:09.326" level="INFO">Selecting options from selection list 'class:avenger-list' by label Scott Lang.</msg>
<status status="PASS" starttime="20200923 22:58:09.326" endtime="20200923 22:58:09.471"></status>
</kw>
<kw name="Get Selected List Value" library="SeleniumLibrary">
<doc>Returns the value of selected option from selection list ``locator``.</doc>
<arguments>
<arg>class:avenger-list</arg>
</arguments>
<assign>
<var>${selected}</var>
</assign>
<msg timestamp="20200923 22:58:09.636" level="INFO">${selected} = 7</msg>
<status status="PASS" starttime="20200923 22:58:09.472" endtime="20200923 22:58:09.636"></status>
</kw>
<kw name="Should Be Equal" library="BuiltIn">
<doc>Fails if the given objects are unequal.</doc>
<arguments>
<arg>${selected}</arg>
<arg>7</arg>
</arguments>
<status status="PASS" starttime="20200923 22:58:09.636" endtime="20200923 22:58:09.637"></status>
</kw>
<kw name="Encerrar Seção" library="base" type="teardown">
<kw name="Close Browser" library="SeleniumLibrary">
<doc>Closes the current browser.</doc>
<status status="PASS" starttime="20200923 22:58:09.638" endtime="20200923 22:58:13.143"></status>
</kw>
<status status="PASS" starttime="20200923 22:58:09.638" endtime="20200923 22:58:13.143"></status>
</kw>
<status status="PASS" starttime="20200923 22:58:01.563" endtime="20200923 22:58:13.145" critical="yes"></status>
</test>
<test id="s1-t2" name="Selecionar pelo valor e validar pelo texto">
<kw name="Nova Seção" library="base" type="setup">
<kw name="Open Browser" library="SeleniumLibrary">
<doc>Opens a new browser instance to the optional ``url``.</doc>
<arguments>
<arg>${url}</arg>
<arg>chrome</arg>
</arguments>
<msg timestamp="20200923 22:58:13.159" level="INFO">Opening browser 'chrome' to base url 'http://training-wheels-protocol.herokuapp.com'.</msg>
<status status="PASS" starttime="20200923 22:58:13.158" endtime="20200923 22:58:19.894"></status>
</kw>
<status status="PASS" starttime="20200923 22:58:13.156" endtime="20200923 22:58:19.894"></status>
</kw>
<kw name="Go To" library="SeleniumLibrary">
<doc>Navigates the current browser window to the provided ``url``.</doc>
<arguments>
<arg>${url}/dropdown</arg>
</arguments>
<msg timestamp="20200923 22:58:19.895" level="INFO">Opening url 'http://training-wheels-protocol.herokuapp.com/dropdown'</msg>
<status status="PASS" starttime="20200923 22:58:19.895" endtime="20200923 22:58:20.533"></status>
</kw>
<kw name="Select From List By Value" library="SeleniumLibrary">
<doc>Selects options from selection list ``locator`` by ``values``.</doc>
<arguments>
<arg>id:dropdown</arg>
<arg>6</arg>
</arguments>
<msg timestamp="20200923 22:58:20.536" level="INFO">Selecting options from selection list 'id:dropdown' by value 6.</msg>
<status status="PASS" starttime="20200923 22:58:20.535" endtime="20200923 22:58:20.714"></status>
</kw>
<kw name="Get Selected List Label" library="SeleniumLibrary">
<doc>Returns the label of selected option from selection list ``locator``.</doc>
<arguments>
<arg>id:dropdown</arg>
</arguments>
<assign>
<var>${selected}</var>
</assign>
<msg timestamp="20200923 22:58:20.934" level="INFO">${selected} = Loki</msg>
<status status="PASS" starttime="20200923 22:58:20.715" endtime="20200923 22:58:20.934"></status>
</kw>
<kw name="Should Be Equal" library="BuiltIn">
<doc>Fails if the given objects are unequal.</doc>
<arguments>
<arg>${selected}</arg>
<arg>Loki</arg>
</arguments>
<status status="PASS" starttime="20200923 22:58:20.935" endtime="20200923 22:58:20.936"></status>
</kw>
<kw name="Encerrar Seção" library="base" type="teardown">
<kw name="Close Browser" library="SeleniumLibrary">
<doc>Closes the current browser.</doc>
<status status="PASS" starttime="20200923 22:58:20.938" endtime="20200923 22:58:23.216"></status>
</kw>
<status status="PASS" starttime="20200923 22:58:20.937" endtime="20200923 22:58:23.217"></status>
</kw>
<status status="PASS" starttime="20200923 22:58:13.153" endtime="20200923 22:58:23.218" critical="yes"></status>
</test>
<status status="PASS" starttime="20200923 22:58:01.117" endtime="20200923 22:58:23.226"></status>
</suite>
<statistics>
<total>
<stat pass="2" fail="0">Critical Tests</stat>
<stat pass="2" fail="0">All Tests</stat>
</total>
<tag>
</tag>
<suite>
<stat pass="2" fail="0" id="s1" name="Select">Select</stat>
</suite>
</statistics>
<errors>
</errors>
</robot>
