<?xml version="1.0" encoding="UTF-8"?>
<robot generator="Robot 3.2.2 (Python 3.6.9 on linux)" generated="20200924 14:41:44.760" rpa="false">
<suite id="s1" name="Login Form" source="/home/dandybarbosa/qa_ninja/Teste-Qa/web/tests/login_form.robot">
<test id="s1-t1" name="Login com sucesso">
<kw name="Nova Seção" library="base" type="setup">
<kw name="Open Browser" library="SeleniumLibrary">
<doc>Opens a new browser instance to the optional ``url``.</doc>
<arguments>
<arg>${url}</arg>
<arg>chrome</arg>
</arguments>
<msg timestamp="20200924 14:41:44.981" level="INFO">Opening browser 'chrome' to base url 'http://training-wheels-protocol.herokuapp.com'.</msg>
<status status="PASS" starttime="20200924 14:41:44.980" endtime="20200924 14:41:49.200"></status>
</kw>
<status status="PASS" starttime="20200924 14:41:44.980" endtime="20200924 14:41:49.201"></status>
</kw>
<kw name="Go To" library="SeleniumLibrary">
<doc>Navigates the current browser window to the provided ``url``.</doc>
<arguments>
<arg>${url}/login</arg>
</arguments>
<msg timestamp="20200924 14:41:49.202" level="INFO">Opening url 'http://training-wheels-protocol.herokuapp.com/login'</msg>
<status status="PASS" starttime="20200924 14:41:49.201" endtime="20200924 14:41:49.760"></status>
</kw>
<kw name="Input Text" library="SeleniumLibrary">
<doc>Types the given ``text`` into the text field identified by ``locator``.</doc>
<arguments>
<arg>css:input[name=username]</arg>
<arg>stark</arg>
</arguments>
<msg timestamp="20200924 14:41:49.762" level="INFO">Typing text 'stark' into text field 'css:input[name=username]'.</msg>
<status status="PASS" starttime="20200924 14:41:49.761" endtime="20200924 14:41:49.942"></status>
</kw>
<kw name="Input Text" library="SeleniumLibrary">
<doc>Types the given ``text`` into the text field identified by ``locator``.</doc>
<arguments>
<arg>css:input[name=password]</arg>
<arg>jarvis!</arg>
</arguments>
<msg timestamp="20200924 14:41:49.943" level="INFO">Typing text 'jarvis!' into text field 'css:input[name=password]'.</msg>
<status status="PASS" starttime="20200924 14:41:49.942" endtime="20200924 14:41:50.110"></status>
</kw>
<kw name="Click Element" library="SeleniumLibrary">
<doc>Click the element identified by ``locator``.</doc>
<arguments>
<arg>class:btn-login</arg>
</arguments>
<msg timestamp="20200924 14:41:50.110" level="INFO">Clicking element 'class:btn-login'.</msg>
<status status="PASS" starttime="20200924 14:41:50.110" endtime="20200924 14:41:50.666"></status>
</kw>
<kw name="Page Should Contain" library="SeleniumLibrary">
<doc>Verifies that current page contains ``text``.</doc>
<arguments>
<arg>Olá, Tony Stark. Você acessou a área logada!</arg>
</arguments>
<msg timestamp="20200924 14:41:50.697" level="INFO">Current page contains text 'Olá, Tony Stark. Você acessou a área logada!'.</msg>
<status status="PASS" starttime="20200924 14:41:50.667" endtime="20200924 14:41:50.698"></status>
</kw>
<kw name="Encerrar Seção" library="base" type="teardown">
<kw name="Close Browser" library="SeleniumLibrary">
<doc>Closes the current browser.</doc>
<status status="PASS" starttime="20200924 14:41:50.699" endtime="20200924 14:41:50.762"></status>
</kw>
<status status="PASS" starttime="20200924 14:41:50.698" endtime="20200924 14:41:50.762"></status>
</kw>
<status status="PASS" starttime="20200924 14:41:44.978" endtime="20200924 14:41:50.762" critical="yes"></status>
</test>
<status status="PASS" starttime="20200924 14:41:44.761" endtime="20200924 14:41:50.764"></status>
</suite>
<statistics>
<total>
<stat pass="1" fail="0">Critical Tests</stat>
<stat pass="1" fail="0">All Tests</stat>
</total>
<tag>
</tag>
<suite>
<stat pass="1" fail="0" id="s1" name="Login Form">Login Form</stat>
</suite>
</statistics>
<errors>
</errors>
</robot>
