<?xml version="1.0" encoding="UTF-8"?>
<robot generator="Robot 3.2.2 (Python 3.6.9 on linux)" generated="20200924 12:16:40.914" rpa="false">
<suite id="s1" name="Checkbox" source="/home/dandybarbosa/qa_ninja/Teste-Qa/web/tests/checkbox.robot">
<test id="s1-t1" name="Marcando opção com Id">
<kw name="Nova Seção" library="base" type="setup">
<kw name="Open Browser" library="SeleniumLibrary">
<doc>Opens a new browser instance to the optional ``url``.</doc>
<arguments>
<arg>${url}</arg>
<arg>chrome</arg>
</arguments>
<msg timestamp="20200924 12:16:41.152" level="INFO">Opening browser 'chrome' to base url 'http://training-wheels-protocol.herokuapp.com'.</msg>
<status status="PASS" starttime="20200924 12:16:41.152" endtime="20200924 12:16:45.179"></status>
</kw>
<status status="PASS" starttime="20200924 12:16:41.151" endtime="20200924 12:16:45.180"></status>
</kw>
<kw name="Go To" library="SeleniumLibrary">
<doc>Navigates the current browser window to the provided ``url``.</doc>
<arguments>
<arg>${url}/checkboxes</arg>
</arguments>
<msg timestamp="20200924 12:16:45.181" level="INFO">Opening url 'http://training-wheels-protocol.herokuapp.com/checkboxes'</msg>
<status status="PASS" starttime="20200924 12:16:45.180" endtime="20200924 12:16:45.826"></status>
</kw>
<kw name="Select Checkbox" library="SeleniumLibrary">
<doc>Selects the checkbox identified by ``locator``.</doc>
<arguments>
<arg>${check_thor}</arg>
</arguments>
<msg timestamp="20200924 12:16:45.827" level="INFO">Selecting checkbox 'id:thor'.</msg>
<status status="PASS" starttime="20200924 12:16:45.826" endtime="20200924 12:16:45.991"></status>
</kw>
<kw name="Checkbox Should Be Selected" library="SeleniumLibrary">
<doc>Verifies checkbox ``locator`` is selected/checked.</doc>
<arguments>
<arg>${check_thor}</arg>
</arguments>
<msg timestamp="20200924 12:16:45.992" level="INFO">Verifying checkbox 'id:thor' is selected.</msg>
<status status="PASS" starttime="20200924 12:16:45.992" endtime="20200924 12:16:46.033"></status>
</kw>
<kw name="Encerrar Seção" library="base" type="teardown">
<kw name="Close Browser" library="SeleniumLibrary">
<doc>Closes the current browser.</doc>
<status status="PASS" starttime="20200924 12:16:46.034" endtime="20200924 12:16:46.101"></status>
</kw>
<status status="PASS" starttime="20200924 12:16:46.034" endtime="20200924 12:16:46.101"></status>
</kw>
<status status="PASS" starttime="20200924 12:16:41.150" endtime="20200924 12:16:46.102" critical="yes"></status>
</test>
<test id="s1-t2" name="Marcando opção com CSS Selector">
<kw name="Nova Seção" library="base" type="setup">
<kw name="Open Browser" library="SeleniumLibrary">
<doc>Opens a new browser instance to the optional ``url``.</doc>
<arguments>
<arg>${url}</arg>
<arg>chrome</arg>
</arguments>
<msg timestamp="20200924 12:16:46.105" level="INFO">Opening browser 'chrome' to base url 'http://training-wheels-protocol.herokuapp.com'.</msg>
<status status="PASS" starttime="20200924 12:16:46.105" endtime="20200924 12:16:53.179"></status>
</kw>
<status status="PASS" starttime="20200924 12:16:46.104" endtime="20200924 12:16:53.180"></status>
</kw>
<kw name="Go To" library="SeleniumLibrary">
<doc>Navigates the current browser window to the provided ``url``.</doc>
<arguments>
<arg>${url}/checkboxes</arg>
</arguments>
<msg timestamp="20200924 12:16:53.181" level="INFO">Opening url 'http://training-wheels-protocol.herokuapp.com/checkboxes'</msg>
<status status="PASS" starttime="20200924 12:16:53.180" endtime="20200924 12:16:53.634"></status>
</kw>
<kw name="Select Checkbox" library="SeleniumLibrary">
<doc>Selects the checkbox identified by ``locator``.</doc>
<arguments>
<arg>${check_iron}</arg>
</arguments>
<msg timestamp="20200924 12:16:53.636" level="INFO">Selecting checkbox 'css:input[value='iron-man']'.</msg>
<status status="PASS" starttime="20200924 12:16:53.635" endtime="20200924 12:16:53.792"></status>
</kw>
<kw name="Checkbox Should Be Selected" library="SeleniumLibrary">
<doc>Verifies checkbox ``locator`` is selected/checked.</doc>
<arguments>
<arg>${check_iron}</arg>
</arguments>
<msg timestamp="20200924 12:16:53.793" level="INFO">Verifying checkbox 'css:input[value='iron-man']' is selected.</msg>
<status status="PASS" starttime="20200924 12:16:53.792" endtime="20200924 12:16:53.838"></status>
</kw>
<kw name="Encerrar Seção" library="base" type="teardown">
<kw name="Close Browser" library="SeleniumLibrary">
<doc>Closes the current browser.</doc>
<status status="PASS" starttime="20200924 12:16:53.840" endtime="20200924 12:16:53.904"></status>
</kw>
<status status="PASS" starttime="20200924 12:16:53.839" endtime="20200924 12:16:53.905"></status>
</kw>
<status status="PASS" starttime="20200924 12:16:46.103" endtime="20200924 12:16:53.905" critical="yes"></status>
</test>
<test id="s1-t3" name="Marcando opção com Xpath">
<kw name="Nova Seção" library="base" type="setup">
<kw name="Open Browser" library="SeleniumLibrary">
<doc>Opens a new browser instance to the optional ``url``.</doc>
<arguments>
<arg>${url}</arg>
<arg>chrome</arg>
</arguments>
<msg timestamp="20200924 12:16:53.909" level="INFO">Opening browser 'chrome' to base url 'http://training-wheels-protocol.herokuapp.com'.</msg>
<status status="PASS" starttime="20200924 12:16:53.908" endtime="20200924 12:16:59.965"></status>
</kw>
<status status="PASS" starttime="20200924 12:16:53.908" endtime="20200924 12:16:59.966"></status>
</kw>
<kw name="Go To" library="SeleniumLibrary">
<doc>Navigates the current browser window to the provided ``url``.</doc>
<arguments>
<arg>${url}/checkboxes</arg>
</arguments>
<msg timestamp="20200924 12:16:59.969" level="INFO">Opening url 'http://training-wheels-protocol.herokuapp.com/checkboxes'</msg>
<status status="PASS" starttime="20200924 12:16:59.967" endtime="20200924 12:17:00.363"></status>
</kw>
<kw name="Select Checkbox" library="SeleniumLibrary">
<doc>Selects the checkbox identified by ``locator``.</doc>
<arguments>
<arg>${check_panter}</arg>
</arguments>
<msg timestamp="20200924 12:17:00.364" level="INFO">Selecting checkbox 'xpath://*[@id='checkboxes']/input[7]'.</msg>
<status status="PASS" starttime="20200924 12:17:00.363" endtime="20200924 12:17:00.517"></status>
</kw>
<kw name="Checkbox Should Be Selected" library="SeleniumLibrary">
<doc>Verifies checkbox ``locator`` is selected/checked.</doc>
<arguments>
<arg>${check_panter}</arg>
</arguments>
<msg timestamp="20200924 12:17:00.519" level="INFO">Verifying checkbox 'xpath://*[@id='checkboxes']/input[7]' is selected.</msg>
<status status="PASS" starttime="20200924 12:17:00.518" endtime="20200924 12:17:00.561"></status>
</kw>
<kw name="Encerrar Seção" library="base" type="teardown">
<kw name="Close Browser" library="SeleniumLibrary">
<doc>Closes the current browser.</doc>
<status status="PASS" starttime="20200924 12:17:00.564" endtime="20200924 12:17:00.628"></status>
</kw>
<status status="PASS" starttime="20200924 12:17:00.562" endtime="20200924 12:17:00.628"></status>
</kw>
<status status="PASS" starttime="20200924 12:16:53.907" endtime="20200924 12:17:00.628" critical="yes"></status>
</test>
<status status="PASS" starttime="20200924 12:16:40.915" endtime="20200924 12:17:00.632"></status>
</suite>
<statistics>
<total>
<stat pass="3" fail="0">Critical Tests</stat>
<stat pass="3" fail="0">All Tests</stat>
</total>
<tag>
</tag>
<suite>
<stat pass="3" fail="0" id="s1" name="Checkbox">Checkbox</stat>
</suite>
</statistics>
<errors>
</errors>
</robot>
