<?xml version="1.0" encoding="UTF-8"?>
<robot generator="Robot 3.2.2 (Python 3.6.9 on linux)" generated="20200924 16:45:53.221" rpa="false">
<suite id="s1" name="Login Form" source="/home/dandybarbosa/qa_ninja/Teste-Qa/web/tests/login_form.robot">
<test id="s1-t1" name="Usuário não existe">
<kw name="Nova Seção" library="base" type="setup">
<kw name="Open Browser" library="SeleniumLibrary">
<doc>Opens a new browser instance to the optional ``url``.</doc>
<arguments>
<arg>${url}</arg>
<arg>chrome</arg>
</arguments>
<msg timestamp="20200924 16:45:53.445" level="INFO">Opening browser 'chrome' to base url 'http://training-wheels-protocol.herokuapp.com'.</msg>
<status status="PASS" starttime="20200924 16:45:53.444" endtime="20200924 16:46:00.758"></status>
</kw>
<status status="PASS" starttime="20200924 16:45:53.444" endtime="20200924 16:46:00.758"></status>
</kw>
<kw name="Go To" library="SeleniumLibrary">
<doc>Navigates the current browser window to the provided ``url``.</doc>
<arguments>
<arg>${url}/login</arg>
</arguments>
<msg timestamp="20200924 16:46:00.760" level="INFO">Opening url 'http://training-wheels-protocol.herokuapp.com/login'</msg>
<status status="PASS" starttime="20200924 16:46:00.759" endtime="20200924 16:46:01.378"></status>
</kw>
<kw name="Input Text" library="SeleniumLibrary">
<doc>Types the given ``text`` into the text field identified by ``locator``.</doc>
<arguments>
<arg>css:input[name=username]</arg>
<arg>dandy</arg>
</arguments>
<msg timestamp="20200924 16:46:01.379" level="INFO">Typing text 'dandy' into text field 'css:input[name=username]'.</msg>
<status status="PASS" starttime="20200924 16:46:01.378" endtime="20200924 16:46:01.547"></status>
</kw>
<kw name="Input Text" library="SeleniumLibrary">
<doc>Types the given ``text`` into the text field identified by ``locator``.</doc>
<arguments>
<arg>css:input[name=password]</arg>
<arg>123456</arg>
</arguments>
<msg timestamp="20200924 16:46:01.548" level="INFO">Typing text '123456' into text field 'css:input[name=password]'.</msg>
<status status="PASS" starttime="20200924 16:46:01.548" endtime="20200924 16:46:01.733"></status>
</kw>
<kw name="Click Element" library="SeleniumLibrary">
<doc>Click the element identified by ``locator``.</doc>
<arguments>
<arg>class:btn-login</arg>
</arguments>
<msg timestamp="20200924 16:46:01.733" level="INFO">Clicking element 'class:btn-login'.</msg>
<status status="PASS" starttime="20200924 16:46:01.733" endtime="20200924 16:46:02.351"></status>
</kw>
<kw name="Get WebElement" library="SeleniumLibrary">
<doc>Returns the first WebElement matching the given ``locator``.</doc>
<arguments>
<arg>id:flash</arg>
</arguments>
<assign>
<var>${message}</var>
</assign>
<msg timestamp="20200924 16:46:02.378" level="INFO">${message} = &lt;selenium.webdriver.remote.webelement.WebElement (session="ab2b789208b41106d1bb6266bab697d6", element="cc60141b-5acd-4b4d-9e1b-e88cce7a927c")&gt;</msg>
<status status="PASS" starttime="20200924 16:46:02.351" endtime="20200924 16:46:02.378"></status>
</kw>
<kw name="Should Contain" library="BuiltIn">
<doc>Fails if ``container`` does not contain ``item`` one or more times.</doc>
<arguments>
<arg>${message.text}</arg>
<arg>O usuário informado não está cadastrado!</arg>
</arguments>
<status status="PASS" starttime="20200924 16:46:02.379" endtime="20200924 16:46:02.403"></status>
</kw>
<kw name="Encerrar Seção" library="base" type="teardown">
<kw name="Close Browser" library="SeleniumLibrary">
<doc>Closes the current browser.</doc>
<status status="PASS" starttime="20200924 16:46:02.404" endtime="20200924 16:46:02.466"></status>
</kw>
<status status="PASS" starttime="20200924 16:46:02.403" endtime="20200924 16:46:02.466"></status>
</kw>
<tags>
<tag>login_user404</tag>
</tags>
<status status="PASS" starttime="20200924 16:45:53.442" endtime="20200924 16:46:02.466" critical="yes"></status>
</test>
<status status="PASS" starttime="20200924 16:45:53.223" endtime="20200924 16:46:02.468"></status>
</suite>
<statistics>
<total>
<stat pass="1" fail="0">Critical Tests</stat>
<stat pass="1" fail="0">All Tests</stat>
</total>
<tag>
<stat pass="1" fail="0">login_user404</stat>
</tag>
<suite>
<stat pass="1" fail="0" id="s1" name="Login Form">Login Form</stat>
</suite>
</statistics>
<errors>
</errors>
</robot>
