<?xml version="1.0" encoding="UTF-8"?>
<robot generator="Robot 3.2.2 (Python 3.8.5 on win32)" generated="20200923 20:46:22.476" rpa="false">
<suite id="s1" name="Checkbox" source="C:\Users\Usuario\Desktop\dandy\papito\Teste-Qa\web\tests\checkbox.robot">
<test id="s1-t1" name="Marcando opção com Id">
<kw name="Nova Seção" library="base" type="setup">
<kw name="Open Browser" library="SeleniumLibrary">
<doc>Opens a new browser instance to the optional ``url``.</doc>
<arguments>
<arg>${url}</arg>
<arg>chrome</arg>
</arguments>
<msg timestamp="20200923 20:46:22.931" level="INFO">Opening browser 'chrome' to base url 'http://training-wheels-protocol.herokuapp.com'.</msg>
<status status="PASS" starttime="20200923 20:46:22.930" endtime="20200923 20:46:36.915"></status>
</kw>
<status status="PASS" starttime="20200923 20:46:22.930" endtime="20200923 20:46:36.916"></status>
</kw>
<kw name="Go To" library="SeleniumLibrary">
<doc>Navigates the current browser window to the provided ``url``.</doc>
<arguments>
<arg>${url}/checkboxes</arg>
</arguments>
<msg timestamp="20200923 20:46:36.918" level="INFO">Opening url 'http://training-wheels-protocol.herokuapp.com/checkboxes'</msg>
<status status="PASS" starttime="20200923 20:46:36.917" endtime="20200923 20:46:37.403"></status>
</kw>
<kw name="Select Checkbox" library="SeleniumLibrary">
<doc>Selects the checkbox identified by ``locator``.</doc>
<arguments>
<arg>${check_thor}</arg>
</arguments>
<msg timestamp="20200923 20:46:37.415" level="INFO">Selecting checkbox 'id:thor'.</msg>
<status status="PASS" starttime="20200923 20:46:37.414" endtime="20200923 20:46:37.803"></status>
</kw>
<kw name="Checkbox Should Be Selected" library="SeleniumLibrary">
<doc>Verifies checkbox ``locator`` is selected/checked.</doc>
<arguments>
<arg>${check_thor}</arg>
</arguments>
<msg timestamp="20200923 20:46:37.804" level="INFO">Verifying checkbox 'id:thor' is selected.</msg>
<status status="PASS" starttime="20200923 20:46:37.803" endtime="20200923 20:46:37.846"></status>
</kw>
<kw name="Encerrar Seção" library="base" type="teardown">
<kw name="Close Browser" library="SeleniumLibrary">
<doc>Closes the current browser.</doc>
<status status="PASS" starttime="20200923 20:46:37.847" endtime="20200923 20:46:41.194"></status>
</kw>
<status status="PASS" starttime="20200923 20:46:37.847" endtime="20200923 20:46:41.195"></status>
</kw>
<status status="PASS" starttime="20200923 20:46:22.928" endtime="20200923 20:46:41.196" critical="yes"></status>
</test>
<test id="s1-t2" name="Marcando opção com CSS Selector">
<kw name="Nova Seção" library="base" type="setup">
<kw name="Open Browser" library="SeleniumLibrary">
<doc>Opens a new browser instance to the optional ``url``.</doc>
<arguments>
<arg>${url}</arg>
<arg>chrome</arg>
</arguments>
<msg timestamp="20200923 20:46:41.210" level="INFO">Opening browser 'chrome' to base url 'http://training-wheels-protocol.herokuapp.com'.</msg>
<status status="PASS" starttime="20200923 20:46:41.208" endtime="20200923 20:46:47.934"></status>
</kw>
<status status="PASS" starttime="20200923 20:46:41.206" endtime="20200923 20:46:47.934"></status>
</kw>
<kw name="Go To" library="SeleniumLibrary">
<doc>Navigates the current browser window to the provided ``url``.</doc>
<arguments>
<arg>${url}/checkboxes</arg>
</arguments>
<msg timestamp="20200923 20:46:47.935" level="INFO">Opening url 'http://training-wheels-protocol.herokuapp.com/checkboxes'</msg>
<status status="PASS" starttime="20200923 20:46:47.935" endtime="20200923 20:46:48.326"></status>
</kw>
<kw name="Select Checkbox" library="SeleniumLibrary">
<doc>Selects the checkbox identified by ``locator``.</doc>
<arguments>
<arg>${check_iron}</arg>
</arguments>
<msg timestamp="20200923 20:46:48.331" level="INFO">Selecting checkbox 'css:input[value='iron-man']'.</msg>
<status status="PASS" starttime="20200923 20:46:48.330" endtime="20200923 20:46:48.473"></status>
</kw>
<kw name="Checkbox Should Be Selected" library="SeleniumLibrary">
<doc>Verifies checkbox ``locator`` is selected/checked.</doc>
<arguments>
<arg>${check_iron}</arg>
</arguments>
<msg timestamp="20200923 20:46:48.474" level="INFO">Verifying checkbox 'css:input[value='iron-man']' is selected.</msg>
<status status="PASS" starttime="20200923 20:46:48.473" endtime="20200923 20:46:48.509"></status>
</kw>
<kw name="Encerrar Seção" library="base" type="teardown">
<kw name="Close Browser" library="SeleniumLibrary">
<doc>Closes the current browser.</doc>
<status status="PASS" starttime="20200923 20:46:48.510" endtime="20200923 20:46:50.801"></status>
</kw>
<status status="PASS" starttime="20200923 20:46:48.509" endtime="20200923 20:46:50.801"></status>
</kw>
<status status="PASS" starttime="20200923 20:46:41.203" endtime="20200923 20:46:50.803" critical="yes"></status>
</test>
<test id="s1-t3" name="Marcando opção com Xpath">
<kw name="Nova Seção" library="base" type="setup">
<kw name="Open Browser" library="SeleniumLibrary">
<doc>Opens a new browser instance to the optional ``url``.</doc>
<arguments>
<arg>${url}</arg>
<arg>chrome</arg>
</arguments>
<msg timestamp="20200923 20:46:50.816" level="INFO">Opening browser 'chrome' to base url 'http://training-wheels-protocol.herokuapp.com'.</msg>
<status status="PASS" starttime="20200923 20:46:50.814" endtime="20200923 20:46:57.784"></status>
</kw>
<status status="PASS" starttime="20200923 20:46:50.813" endtime="20200923 20:46:57.784"></status>
</kw>
<kw name="Go To" library="SeleniumLibrary">
<doc>Navigates the current browser window to the provided ``url``.</doc>
<arguments>
<arg>${url}/checkboxes</arg>
</arguments>
<msg timestamp="20200923 20:46:57.785" level="INFO">Opening url 'http://training-wheels-protocol.herokuapp.com/checkboxes'</msg>
<status status="PASS" starttime="20200923 20:46:57.785" endtime="20200923 20:46:58.278"></status>
</kw>
<kw name="Select Checkbox" library="SeleniumLibrary">
<doc>Selects the checkbox identified by ``locator``.</doc>
<arguments>
<arg>${check_panter}</arg>
</arguments>
<msg timestamp="20200923 20:46:58.279" level="INFO">Selecting checkbox 'xpath://*[@id='checkboxes']/input[7]'.</msg>
<status status="PASS" starttime="20200923 20:46:58.279" endtime="20200923 20:46:58.428"></status>
</kw>
<kw name="Checkbox Should Be Selected" library="SeleniumLibrary">
<doc>Verifies checkbox ``locator`` is selected/checked.</doc>
<arguments>
<arg>${check_panter}</arg>
</arguments>
<msg timestamp="20200923 20:46:58.430" level="INFO">Verifying checkbox 'xpath://*[@id='checkboxes']/input[7]' is selected.</msg>
<status status="PASS" starttime="20200923 20:46:58.429" endtime="20200923 20:46:58.469"></status>
</kw>
<kw name="Encerrar Seção" library="base" type="teardown">
<kw name="Close Browser" library="SeleniumLibrary">
<doc>Closes the current browser.</doc>
<status status="PASS" starttime="20200923 20:46:58.470" endtime="20200923 20:47:00.801"></status>
</kw>
<status status="PASS" starttime="20200923 20:46:58.469" endtime="20200923 20:47:00.801"></status>
</kw>
<status status="PASS" starttime="20200923 20:46:50.810" endtime="20200923 20:47:00.803" critical="yes"></status>
</test>
<status status="PASS" starttime="20200923 20:46:22.480" endtime="20200923 20:47:00.810"></status>
</suite>
<statistics>
<total>
<stat pass="3" fail="0">Critical Tests</stat>
<stat pass="3" fail="0">All Tests</stat>
</total>
<tag>
</tag>
<suite>
<stat pass="3" fail="0" id="s1" name="Checkbox">Checkbox</stat>
</suite>
</statistics>
<errors>
</errors>
</robot>
