<?xml version="1.0" encoding="UTF-8"?>
<robot generator="Robot 3.2.2 (Python 3.6.9 on linux)" generated="20200924 12:55:54.306" rpa="false">
<suite id="s1" name="Tables" source="/home/dandybarbosa/qa_ninja/Teste-Qa/web/tests/tables.robot">
<test id="s1-t1" name="Verifica o valor ao informar o número da linha">
<kw name="Nova Seção" library="base" type="setup">
<kw name="Open Browser" library="SeleniumLibrary">
<doc>Opens a new browser instance to the optional ``url``.</doc>
<arguments>
<arg>${url}</arg>
<arg>chrome</arg>
</arguments>
<msg timestamp="20200924 12:55:54.528" level="INFO">Opening browser 'chrome' to base url 'http://training-wheels-protocol.herokuapp.com'.</msg>
<status status="PASS" starttime="20200924 12:55:54.528" endtime="20200924 12:56:01.677"></status>
</kw>
<status status="PASS" starttime="20200924 12:55:54.527" endtime="20200924 12:56:01.678"></status>
</kw>
<kw name="Go To" library="SeleniumLibrary">
<doc>Navigates the current browser window to the provided ``url``.</doc>
<arguments>
<arg>${url}/tables</arg>
</arguments>
<msg timestamp="20200924 12:56:01.679" level="INFO">Opening url 'http://training-wheels-protocol.herokuapp.com/tables'</msg>
<status status="PASS" starttime="20200924 12:56:01.678" endtime="20200924 12:56:02.128"></status>
</kw>
<kw name="Table Row Should Contain" library="SeleniumLibrary">
<doc>Verifies that table row contains text ``expected``.</doc>
<arguments>
<arg>id:actors</arg>
<arg>1</arg>
<arg>@robertdowneyjr</arg>
</arguments>
<status status="PASS" starttime="20200924 12:56:02.128" endtime="20200924 12:56:02.315"></status>
</kw>
<kw name="Encerrar Seção" library="base" type="teardown">
<kw name="Close Browser" library="SeleniumLibrary">
<doc>Closes the current browser.</doc>
<status status="PASS" starttime="20200924 12:56:02.317" endtime="20200924 12:56:02.376"></status>
</kw>
<status status="PASS" starttime="20200924 12:56:02.316" endtime="20200924 12:56:02.376"></status>
</kw>
<status status="PASS" starttime="20200924 12:55:54.525" endtime="20200924 12:56:02.377" critical="yes"></status>
</test>
<test id="s1-t2" name="Descobrir a linha pelo texto chave e valida os demais valores">
<kw name="Nova Seção" library="base" type="setup">
<kw name="Open Browser" library="SeleniumLibrary">
<doc>Opens a new browser instance to the optional ``url``.</doc>
<arguments>
<arg>${url}</arg>
<arg>chrome</arg>
</arguments>
<msg timestamp="20200924 12:56:02.380" level="INFO">Opening browser 'chrome' to base url 'http://training-wheels-protocol.herokuapp.com'.</msg>
<status status="PASS" starttime="20200924 12:56:02.380" endtime="20200924 12:56:17.560"></status>
</kw>
<status status="PASS" starttime="20200924 12:56:02.379" endtime="20200924 12:56:17.561"></status>
</kw>
<kw name="Go To" library="SeleniumLibrary">
<doc>Navigates the current browser window to the provided ``url``.</doc>
<arguments>
<arg>${url}/tables</arg>
</arguments>
<msg timestamp="20200924 12:56:17.563" level="INFO">Opening url 'http://training-wheels-protocol.herokuapp.com/tables'</msg>
<status status="PASS" starttime="20200924 12:56:17.562" endtime="20200924 12:56:18.077"></status>
</kw>
<kw name="Get WebElement" library="SeleniumLibrary">
<doc>Returns the first WebElement matching the given ``locator``.</doc>
<arguments>
<arg>xpath:.//tr[contains(.,'@chadwickboseman')]</arg>
</arguments>
<assign>
<var>${target}</var>
</assign>
<msg timestamp="20200924 12:56:18.106" level="INFO">${target} = &lt;selenium.webdriver.remote.webelement.WebElement (session="c85160be563fa6fab4d8542c4b5e7e2b", element="74676a85-ef81-4347-a5ff-7f248864f17d")&gt;</msg>
<status status="PASS" starttime="20200924 12:56:18.077" endtime="20200924 12:56:18.106"></status>
</kw>
<kw name="Log" library="BuiltIn">
<doc>Logs the given message with the given level.</doc>
<arguments>
<arg>${target.text}</arg>
</arguments>
<msg timestamp="20200924 12:56:18.144" level="INFO">Chadwick Boseman Pantera Negra Vingadores $ 700.000 @chadwickboseman edit delete</msg>
<status status="PASS" starttime="20200924 12:56:18.107" endtime="20200924 12:56:18.144"></status>
</kw>
<kw name="Log To Console" library="BuiltIn">
<doc>Logs the given message to the console.</doc>
<arguments>
<arg>${target.text}</arg>
</arguments>
<status status="PASS" starttime="20200924 12:56:18.144" endtime="20200924 12:56:18.171"></status>
</kw>
<kw name="Should Contain" library="BuiltIn">
<doc>Fails if ``container`` does not contain ``item`` one or more times.</doc>
<arguments>
<arg>${target.text}</arg>
<arg>$ 700.000</arg>
</arguments>
<status status="PASS" starttime="20200924 12:56:18.171" endtime="20200924 12:56:18.199"></status>
</kw>
<kw name="Should Contain" library="BuiltIn">
<doc>Fails if ``container`` does not contain ``item`` one or more times.</doc>
<arguments>
<arg>${target.text}</arg>
<arg>Pantera Negra</arg>
</arguments>
<status status="PASS" starttime="20200924 12:56:18.199" endtime="20200924 12:56:18.226"></status>
</kw>
<kw name="Encerrar Seção" library="base" type="teardown">
<kw name="Close Browser" library="SeleniumLibrary">
<doc>Closes the current browser.</doc>
<status status="PASS" starttime="20200924 12:56:18.227" endtime="20200924 12:56:18.294"></status>
</kw>
<status status="PASS" starttime="20200924 12:56:18.226" endtime="20200924 12:56:18.295"></status>
</kw>
<status status="PASS" starttime="20200924 12:56:02.378" endtime="20200924 12:56:18.295" critical="yes"></status>
</test>
<status status="PASS" starttime="20200924 12:55:54.307" endtime="20200924 12:56:18.296"></status>
</suite>
<statistics>
<total>
<stat pass="2" fail="0">Critical Tests</stat>
<stat pass="2" fail="0">All Tests</stat>
</total>
<tag>
</tag>
<suite>
<stat pass="2" fail="0" id="s1" name="Tables">Tables</stat>
</suite>
</statistics>
<errors>
</errors>
</robot>
